<?xml version="1.0" encoding="UTF-8"?>
<!-- Generated by org.testng.reporters.JUnitXMLReporter -->
<testsuite ignored="3" hostname="DESKTOP-ON6UF7E" failures="1" tests="3" name="Default test(failed)" time="0.11" errors="0" timestamp="2025-07-04T23:07:11 IST">
  <testcase classname="com.auto.TestNG7" name="z" time="0.022">
    <failure type="java.lang.AssertionError" message="expected [true] but found [false]">
      <![CDATA[java.lang.AssertionError: expected [true] but found [false]
at com.auto.TestNG7.z(TestNG7.java:11)
at java.base/java.util.ArrayList.forEach(ArrayList.java:1596)
... Removed 29 stack frames]]>
    </failure>
  </testcase> <!-- z -->
  <testcase classname="com.auto.TestNG7" name="b" time="0.0">
    <skipped/>
  </testcase> <!-- b -->
  <testcase classname="com.auto.TestNG5" name="e" time="0.003">
    <skipped/>
  </testcase> <!-- e -->
  <testcase classname="com.auto.TestNG5" name="b" time="0.0">
    <ignored/>
  </testcase> <!-- b -->
  <testcase classname="com.auto.TestNG5" name="c" time="0.0">
    <ignored/>
  </testcase> <!-- c -->
  <testcase classname="com.auto.TestNG5" name="d" time="0.0">
    <ignored/>
  </testcase> <!-- d -->
</testsuite> <!-- Default test(failed) -->
